{"name":"hexo","hostname":"MarkdeMacBook-Pro.local","pid":1182,"level":20,"msg":"Hexo version: \u001b[35m3.2.2\u001b[39m","time":"2016-08-03T03:59:16.385Z","v":0}
{"name":"hexo","hostname":"MarkdeMacBook-Pro.local","pid":1182,"level":20,"msg":"Working directory: \u001b[35m~/Documents/Blog/Guowj/\u001b[39m","time":"2016-08-03T03:59:16.388Z","v":0}
{"name":"hexo","hostname":"MarkdeMacBook-Pro.local","pid":1182,"level":20,"msg":"Config loaded: \u001b[35m~/Documents/Blog/Guowj/_config.yml\u001b[39m","time":"2016-08-03T03:59:16.672Z","v":0}
{"name":"hexo","hostname":"MarkdeMacBook-Pro.local","pid":1182,"level":20,"msg":"Script loaded: \u001b[35mthemes/next/scripts/tags/center-quote.js\u001b[39m","time":"2016-08-03T03:59:16.696Z","v":0}
{"name":"hexo","hostname":"MarkdeMacBook-Pro.local","pid":1182,"level":20,"msg":"Script loaded: \u001b[35mthemes/next/scripts/merge-configs.js\u001b[39m","time":"2016-08-03T03:59:16.697Z","v":0}
{"name":"hexo","hostname":"MarkdeMacBook-Pro.local","pid":1182,"level":20,"msg":"Script loaded: \u001b[35mthemes/next/scripts/tags/group-pictures.js\u001b[39m","time":"2016-08-03T03:59:16.698Z","v":0}
{"name":"hexo","hostname":"MarkdeMacBook-Pro.local","pid":1182,"level":20,"msg":"Script loaded: \u001b[35mthemes/next/scripts/tags/full-image.js\u001b[39m","time":"2016-08-03T03:59:16.698Z","v":0}
{"name":"hexo","hostname":"MarkdeMacBook-Pro.local","pid":1182,"level":20,"msg":"Plugin loaded: \u001b[35mhexo-generator-archive\u001b[39m","time":"2016-08-03T03:59:16.712Z","v":0}
{"name":"hexo","hostname":"MarkdeMacBook-Pro.local","pid":1182,"level":20,"msg":"Plugin loaded: \u001b[35mhexo-generator-index\u001b[39m","time":"2016-08-03T03:59:16.720Z","v":0}
{"name":"hexo","hostname":"MarkdeMacBook-Pro.local","pid":1182,"level":20,"msg":"Plugin loaded: \u001b[35mhexo-deployer-git\u001b[39m","time":"2016-08-03T03:59:17.398Z","v":0}
{"name":"hexo","hostname":"MarkdeMacBook-Pro.local","pid":1182,"level":20,"msg":"Plugin loaded: \u001b[35mhexo-generator-category\u001b[39m","time":"2016-08-03T03:59:17.411Z","v":0}
{"name":"hexo","hostname":"MarkdeMacBook-Pro.local","pid":1182,"level":20,"msg":"Plugin loaded: \u001b[35mhexo-renderer-ejs\u001b[39m","time":"2016-08-03T03:59:17.424Z","v":0}
{"name":"hexo","hostname":"MarkdeMacBook-Pro.local","pid":1182,"level":20,"msg":"Plugin loaded: \u001b[35mhexo-generator-tag\u001b[39m","time":"2016-08-03T03:59:17.438Z","v":0}
{"name":"hexo","hostname":"MarkdeMacBook-Pro.local","pid":1182,"level":20,"msg":"Plugin loaded: \u001b[35mhexo-renderer-marked\u001b[39m","time":"2016-08-03T03:59:17.642Z","v":0}
{"name":"hexo","hostname":"MarkdeMacBook-Pro.local","pid":1182,"level":20,"msg":"Plugin loaded: \u001b[35mhexo-renderer-stylus\u001b[39m","time":"2016-08-03T03:59:17.645Z","v":0}
{"name":"hexo","hostname":"MarkdeMacBook-Pro.local","pid":1182,"level":20,"msg":"Plugin loaded: \u001b[35mhexo-server\u001b[39m","time":"2016-08-03T03:59:17.959Z","v":0}
{"name":"hexo","hostname":"MarkdeMacBook-Pro.local","pid":1182,"level":20,"msg":"Loading database.","time":"2016-08-03T03:59:17.970Z","v":0}
{"name":"hexo","hostname":"MarkdeMacBook-Pro.local","pid":1182,"level":30,"msg":"Start processing","time":"2016-08-03T03:59:17.978Z","v":0}
{"name":"hexo","hostname":"MarkdeMacBook-Pro.local","pid":1182,"level":20,"msg":"Theme config loaded.","time":"2016-08-03T03:59:18.085Z","v":0}
{"name":"hexo","hostname":"MarkdeMacBook-Pro.local","pid":1182,"level":20,"msg":"Processed: \u001b[35m_config.yml\u001b[39m","time":"2016-08-03T03:59:18.090Z","v":0}
{"name":"hexo","hostname":"MarkdeMacBook-Pro.local","pid":1182,"level":20,"msg":"Processed: \u001b[35msource/images/avatar.gif\u001b[39m","time":"2016-08-03T03:59:18.109Z","v":0}
{"name":"hexo","hostname":"MarkdeMacBook-Pro.local","pid":1182,"level":20,"msg":"Processed: \u001b[35msource/css/main.styl\u001b[39m","time":"2016-08-03T03:59:18.109Z","v":0}
{"name":"hexo","hostname":"MarkdeMacBook-Pro.local","pid":1182,"level":20,"msg":"Processed: \u001b[35msource/images/cc-by-nc-nd.svg\u001b[39m","time":"2016-08-03T03:59:18.110Z","v":0}
{"name":"hexo","hostname":"MarkdeMacBook-Pro.local","pid":1182,"level":20,"msg":"Processed: \u001b[35msource/images/cc-by-nc-sa.svg\u001b[39m","time":"2016-08-03T03:59:18.111Z","v":0}
{"name":"hexo","hostname":"MarkdeMacBook-Pro.local","pid":1182,"level":20,"msg":"Processed: \u001b[35msource/images/cc-by-nd.svg\u001b[39m","time":"2016-08-03T03:59:18.111Z","v":0}
{"name":"hexo","hostname":"MarkdeMacBook-Pro.local","pid":1182,"level":20,"msg":"Processed: \u001b[35msource/images/cc-by-nc.svg\u001b[39m","time":"2016-08-03T03:59:18.112Z","v":0}
{"name":"hexo","hostname":"MarkdeMacBook-Pro.local","pid":1182,"level":20,"msg":"Processed: \u001b[35msource/images/cc-by.svg\u001b[39m","time":"2016-08-03T03:59:18.112Z","v":0}
{"name":"hexo","hostname":"MarkdeMacBook-Pro.local","pid":1182,"level":20,"msg":"Processed: \u001b[35msource/images/cc-by-sa.svg\u001b[39m","time":"2016-08-03T03:59:18.113Z","v":0}
{"name":"hexo","hostname":"MarkdeMacBook-Pro.local","pid":1182,"level":20,"msg":"Processed: \u001b[35msource/images/loading.gif\u001b[39m","time":"2016-08-03T03:59:18.113Z","v":0}
{"name":"hexo","hostname":"MarkdeMacBook-Pro.local","pid":1182,"level":20,"msg":"Processed: \u001b[35msource/images/quote-l.svg\u001b[39m","time":"2016-08-03T03:59:18.114Z","v":0}
{"name":"hexo","hostname":"MarkdeMacBook-Pro.local","pid":1182,"level":20,"msg":"Processed: \u001b[35msource/images/placeholder.gif\u001b[39m","time":"2016-08-03T03:59:18.114Z","v":0}
{"name":"hexo","hostname":"MarkdeMacBook-Pro.local","pid":1182,"level":20,"msg":"Processed: \u001b[35msource/images/cc-zero.svg\u001b[39m","time":"2016-08-03T03:59:18.115Z","v":0}
{"name":"hexo","hostname":"MarkdeMacBook-Pro.local","pid":1182,"level":20,"msg":"Processed: \u001b[35msource/images/quote-r.svg\u001b[39m","time":"2016-08-03T03:59:18.115Z","v":0}
{"name":"hexo","hostname":"MarkdeMacBook-Pro.local","pid":1182,"level":20,"msg":"Processed: \u001b[35msource/images/searchicon.png\u001b[39m","time":"2016-08-03T03:59:18.115Z","v":0}
{"name":"hexo","hostname":"MarkdeMacBook-Pro.local","pid":1182,"level":20,"msg":"Processed: \u001b[35mlayout/_layout.swig\u001b[39m","time":"2016-08-03T03:59:18.274Z","v":0}
{"name":"hexo","hostname":"MarkdeMacBook-Pro.local","pid":1182,"level":20,"msg":"Processed: \u001b[35mlayout/index.swig\u001b[39m","time":"2016-08-03T03:59:18.274Z","v":0}
{"name":"hexo","hostname":"MarkdeMacBook-Pro.local","pid":1182,"level":20,"msg":"Processed: \u001b[35mlayout/archive.swig\u001b[39m","time":"2016-08-03T03:59:18.274Z","v":0}
{"name":"hexo","hostname":"MarkdeMacBook-Pro.local","pid":1182,"level":20,"msg":"Processed: \u001b[35mlayout/category.swig\u001b[39m","time":"2016-08-03T03:59:18.274Z","v":0}
{"name":"hexo","hostname":"MarkdeMacBook-Pro.local","pid":1182,"level":20,"msg":"Processed: \u001b[35mlayout/post.swig\u001b[39m","time":"2016-08-03T03:59:18.274Z","v":0}
{"name":"hexo","hostname":"MarkdeMacBook-Pro.local","pid":1182,"level":20,"msg":"Processed: \u001b[35mlayout/page.swig\u001b[39m","time":"2016-08-03T03:59:18.274Z","v":0}
{"name":"hexo","hostname":"MarkdeMacBook-Pro.local","pid":1182,"level":20,"msg":"Processed: \u001b[35mlayout/tag.swig\u001b[39m","time":"2016-08-03T03:59:18.275Z","v":0}
{"name":"hexo","hostname":"MarkdeMacBook-Pro.local","pid":1182,"level":20,"msg":"Processed: \u001b[35m_posts/hello-world.md\u001b[39m","time":"2016-08-03T03:59:18.293Z","v":0}
{"name":"hexo","hostname":"MarkdeMacBook-Pro.local","pid":1182,"level":20,"msg":"Processed: \u001b[35mlanguages/de.yml\u001b[39m","time":"2016-08-03T03:59:18.294Z","v":0}
{"name":"hexo","hostname":"MarkdeMacBook-Pro.local","pid":1182,"level":20,"msg":"Processed: \u001b[35mlanguages/default.yml\u001b[39m","time":"2016-08-03T03:59:18.294Z","v":0}
{"name":"hexo","hostname":"MarkdeMacBook-Pro.local","pid":1182,"level":20,"msg":"Processed: \u001b[35mlanguages/en.yml\u001b[39m","time":"2016-08-03T03:59:18.294Z","v":0}
{"name":"hexo","hostname":"MarkdeMacBook-Pro.local","pid":1182,"level":20,"msg":"Processed: \u001b[35mlanguages/fr-FR.yml\u001b[39m","time":"2016-08-03T03:59:18.294Z","v":0}
{"name":"hexo","hostname":"MarkdeMacBook-Pro.local","pid":1182,"level":20,"msg":"Processed: \u001b[35mlanguages/pt-BR.yml\u001b[39m","time":"2016-08-03T03:59:18.295Z","v":0}
{"name":"hexo","hostname":"MarkdeMacBook-Pro.local","pid":1182,"level":20,"msg":"Processed: \u001b[35mlanguages/id.yml\u001b[39m","time":"2016-08-03T03:59:18.295Z","v":0}
{"name":"hexo","hostname":"MarkdeMacBook-Pro.local","pid":1182,"level":20,"msg":"Processed: \u001b[35mlanguages/ru.yml\u001b[39m","time":"2016-08-03T03:59:18.295Z","v":0}
{"name":"hexo","hostname":"MarkdeMacBook-Pro.local","pid":1182,"level":20,"msg":"Processed: \u001b[35mlanguages/ja.yml\u001b[39m","time":"2016-08-03T03:59:18.295Z","v":0}
{"name":"hexo","hostname":"MarkdeMacBook-Pro.local","pid":1182,"level":20,"msg":"Processed: \u001b[35mlanguages/zh-hk.yml\u001b[39m","time":"2016-08-03T03:59:18.296Z","v":0}
{"name":"hexo","hostname":"MarkdeMacBook-Pro.local","pid":1182,"level":20,"msg":"Processed: \u001b[35mlanguages/pt.yml\u001b[39m","time":"2016-08-03T03:59:18.296Z","v":0}
{"name":"hexo","hostname":"MarkdeMacBook-Pro.local","pid":1182,"level":20,"msg":"Processed: \u001b[35mlanguages/zh-Hans.yml\u001b[39m","time":"2016-08-03T03:59:18.296Z","v":0}
{"name":"hexo","hostname":"MarkdeMacBook-Pro.local","pid":1182,"level":20,"msg":"Processed: \u001b[35mlanguages/zh-tw.yml\u001b[39m","time":"2016-08-03T03:59:18.296Z","v":0}
{"name":"hexo","hostname":"MarkdeMacBook-Pro.local","pid":1182,"level":20,"msg":"Processed: \u001b[35msource/js/src/bootstrap.js\u001b[39m","time":"2016-08-03T03:59:18.363Z","v":0}
{"name":"hexo","hostname":"MarkdeMacBook-Pro.local","pid":1182,"level":20,"msg":"Processed: \u001b[35msource/js/src/affix.js\u001b[39m","time":"2016-08-03T03:59:18.364Z","v":0}
{"name":"hexo","hostname":"MarkdeMacBook-Pro.local","pid":1182,"level":20,"msg":"Processed: \u001b[35msource/js/src/post-details.js\u001b[39m","time":"2016-08-03T03:59:18.365Z","v":0}
{"name":"hexo","hostname":"MarkdeMacBook-Pro.local","pid":1182,"level":20,"msg":"Processed: \u001b[35msource/js/src/hook-duoshuo.js\u001b[39m","time":"2016-08-03T03:59:18.365Z","v":0}
{"name":"hexo","hostname":"MarkdeMacBook-Pro.local","pid":1182,"level":20,"msg":"Processed: \u001b[35msource/js/src/scrollspy.js\u001b[39m","time":"2016-08-03T03:59:18.365Z","v":0}
{"name":"hexo","hostname":"MarkdeMacBook-Pro.local","pid":1182,"level":20,"msg":"Processed: \u001b[35msource/js/src/motion.js\u001b[39m","time":"2016-08-03T03:59:18.366Z","v":0}
{"name":"hexo","hostname":"MarkdeMacBook-Pro.local","pid":1182,"level":20,"msg":"Processed: \u001b[35msource/js/src/utils.js\u001b[39m","time":"2016-08-03T03:59:18.367Z","v":0}
{"name":"hexo","hostname":"MarkdeMacBook-Pro.local","pid":1182,"level":20,"msg":"Processed: \u001b[35msource/vendors/fastclick/README.md\u001b[39m","time":"2016-08-03T03:59:18.368Z","v":0}
{"name":"hexo","hostname":"MarkdeMacBook-Pro.local","pid":1182,"level":20,"msg":"Processed: \u001b[35msource/vendors/fastclick/bower.json\u001b[39m","time":"2016-08-03T03:59:18.369Z","v":0}
{"name":"hexo","hostname":"MarkdeMacBook-Pro.local","pid":1182,"level":20,"msg":"Processed: \u001b[35msource/vendors/fastclick/LICENSE\u001b[39m","time":"2016-08-03T03:59:18.370Z","v":0}
{"name":"hexo","hostname":"MarkdeMacBook-Pro.local","pid":1182,"level":20,"msg":"Processed: \u001b[35msource/vendors/font-awesome/HELP-US-OUT.txt\u001b[39m","time":"2016-08-03T03:59:18.371Z","v":0}
{"name":"hexo","hostname":"MarkdeMacBook-Pro.local","pid":1182,"level":20,"msg":"Processed: \u001b[35msource/vendors/font-awesome/bower.json\u001b[39m","time":"2016-08-03T03:59:18.372Z","v":0}
{"name":"hexo","hostname":"MarkdeMacBook-Pro.local","pid":1182,"level":20,"msg":"Processed: \u001b[35msource/vendors/jquery_lazyload/CONTRIBUTING.md\u001b[39m","time":"2016-08-03T03:59:18.373Z","v":0}
{"name":"hexo","hostname":"MarkdeMacBook-Pro.local","pid":1182,"level":20,"msg":"Processed: \u001b[35msource/vendors/jquery_lazyload/README.md\u001b[39m","time":"2016-08-03T03:59:18.373Z","v":0}
{"name":"hexo","hostname":"MarkdeMacBook-Pro.local","pid":1182,"level":20,"msg":"Processed: \u001b[35msource/vendors/jquery_lazyload/bower.json\u001b[39m","time":"2016-08-03T03:59:18.374Z","v":0}
{"name":"hexo","hostname":"MarkdeMacBook-Pro.local","pid":1182,"level":20,"msg":"Processed: \u001b[35msource/vendors/jquery_lazyload/jquery.scrollstop.js\u001b[39m","time":"2016-08-03T03:59:18.374Z","v":0}
{"name":"hexo","hostname":"MarkdeMacBook-Pro.local","pid":1182,"level":20,"msg":"Processed: \u001b[35msource/vendors/jquery_lazyload/jquery.lazyload.js\u001b[39m","time":"2016-08-03T03:59:18.374Z","v":0}
{"name":"hexo","hostname":"MarkdeMacBook-Pro.local","pid":1182,"level":20,"msg":"Processed: \u001b[35msource/vendors/velocity/velocity.min.js\u001b[39m","time":"2016-08-03T03:59:18.375Z","v":0}
{"name":"hexo","hostname":"MarkdeMacBook-Pro.local","pid":1182,"level":20,"msg":"Processed: \u001b[35msource/vendors/velocity/velocity.ui.js\u001b[39m","time":"2016-08-03T03:59:18.375Z","v":0}
{"name":"hexo","hostname":"MarkdeMacBook-Pro.local","pid":1182,"level":20,"msg":"Processed: \u001b[35msource/vendors/velocity/bower.json\u001b[39m","time":"2016-08-03T03:59:18.376Z","v":0}
{"name":"hexo","hostname":"MarkdeMacBook-Pro.local","pid":1182,"level":20,"msg":"Processed: \u001b[35msource/vendors/velocity/velocity.ui.min.js\u001b[39m","time":"2016-08-03T03:59:18.376Z","v":0}
{"name":"hexo","hostname":"MarkdeMacBook-Pro.local","pid":1182,"level":20,"msg":"Processed: \u001b[35mlayout/_partials/comments.swig\u001b[39m","time":"2016-08-03T03:59:18.437Z","v":0}
{"name":"hexo","hostname":"MarkdeMacBook-Pro.local","pid":1182,"level":20,"msg":"Processed: \u001b[35mlayout/_partials/footer.swig\u001b[39m","time":"2016-08-03T03:59:18.437Z","v":0}
{"name":"hexo","hostname":"MarkdeMacBook-Pro.local","pid":1182,"level":20,"msg":"Processed: \u001b[35mlayout/_partials/head.swig\u001b[39m","time":"2016-08-03T03:59:18.437Z","v":0}
{"name":"hexo","hostname":"MarkdeMacBook-Pro.local","pid":1182,"level":20,"msg":"Processed: \u001b[35mlayout/_partials/duoshuo-hot-articles.swig\u001b[39m","time":"2016-08-03T03:59:18.437Z","v":0}
{"name":"hexo","hostname":"MarkdeMacBook-Pro.local","pid":1182,"level":20,"msg":"Processed: \u001b[35mlayout/_partials/pagination.swig\u001b[39m","time":"2016-08-03T03:59:18.437Z","v":0}
{"name":"hexo","hostname":"MarkdeMacBook-Pro.local","pid":1182,"level":20,"msg":"Processed: \u001b[35mlayout/_partials/header.swig\u001b[39m","time":"2016-08-03T03:59:18.437Z","v":0}
{"name":"hexo","hostname":"MarkdeMacBook-Pro.local","pid":1182,"level":20,"msg":"Processed: \u001b[35mlayout/_scripts/commons.swig\u001b[39m","time":"2016-08-03T03:59:18.437Z","v":0}
{"name":"hexo","hostname":"MarkdeMacBook-Pro.local","pid":1182,"level":20,"msg":"Processed: \u001b[35mlayout/_partials/search.swig\u001b[39m","time":"2016-08-03T03:59:18.437Z","v":0}
{"name":"hexo","hostname":"MarkdeMacBook-Pro.local","pid":1182,"level":20,"msg":"Processed: \u001b[35mlayout/_scripts/boostrap.swig\u001b[39m","time":"2016-08-03T03:59:18.437Z","v":0}
{"name":"hexo","hostname":"MarkdeMacBook-Pro.local","pid":1182,"level":20,"msg":"Processed: \u001b[35mlayout/_scripts/vendors.swig\u001b[39m","time":"2016-08-03T03:59:18.438Z","v":0}
{"name":"hexo","hostname":"MarkdeMacBook-Pro.local","pid":1182,"level":20,"msg":"Processed: \u001b[35mlayout/_scripts/baidu-push.swig\u001b[39m","time":"2016-08-03T03:59:18.438Z","v":0}
{"name":"hexo","hostname":"MarkdeMacBook-Pro.local","pid":1182,"level":20,"msg":"Processed: \u001b[35mlayout/_macro/post.swig\u001b[39m","time":"2016-08-03T03:59:18.438Z","v":0}
{"name":"hexo","hostname":"MarkdeMacBook-Pro.local","pid":1182,"level":20,"msg":"Processed: \u001b[35mlayout/_macro/reward.swig\u001b[39m","time":"2016-08-03T03:59:18.438Z","v":0}
{"name":"hexo","hostname":"MarkdeMacBook-Pro.local","pid":1182,"level":20,"msg":"Processed: \u001b[35mlayout/_macro/post-collapse.swig\u001b[39m","time":"2016-08-03T03:59:18.438Z","v":0}
{"name":"hexo","hostname":"MarkdeMacBook-Pro.local","pid":1182,"level":20,"msg":"Processed: \u001b[35mlayout/_macro/wechat-subscriber.swig\u001b[39m","time":"2016-08-03T03:59:18.438Z","v":0}
{"name":"hexo","hostname":"MarkdeMacBook-Pro.local","pid":1182,"level":20,"msg":"Processed: \u001b[35mlayout/_macro/sidebar.swig\u001b[39m","time":"2016-08-03T03:59:18.438Z","v":0}
{"name":"hexo","hostname":"MarkdeMacBook-Pro.local","pid":1182,"level":20,"msg":"Processed: \u001b[35msource/vendors/jquery/index.js\u001b[39m","time":"2016-08-03T03:59:18.439Z","v":0}
{"name":"hexo","hostname":"MarkdeMacBook-Pro.local","pid":1182,"level":20,"msg":"Processed: \u001b[35mlayout/_scripts/schemes/mist.swig\u001b[39m","time":"2016-08-03T03:59:18.445Z","v":0}
{"name":"hexo","hostname":"MarkdeMacBook-Pro.local","pid":1182,"level":20,"msg":"Processed: \u001b[35mlayout/_scripts/schemes/muse.swig\u001b[39m","time":"2016-08-03T03:59:18.445Z","v":0}
{"name":"hexo","hostname":"MarkdeMacBook-Pro.local","pid":1182,"level":20,"msg":"Processed: \u001b[35msource/js/src/schemes/pisces.js\u001b[39m","time":"2016-08-03T03:59:18.450Z","v":0}
{"name":"hexo","hostname":"MarkdeMacBook-Pro.local","pid":1182,"level":20,"msg":"Processed: \u001b[35msource/vendors/fancybox/source/fancybox_loading.gif\u001b[39m","time":"2016-08-03T03:59:18.450Z","v":0}
{"name":"hexo","hostname":"MarkdeMacBook-Pro.local","pid":1182,"level":20,"msg":"Processed: \u001b[35msource/vendors/fancybox/source/blank.gif\u001b[39m","time":"2016-08-03T03:59:18.452Z","v":0}
{"name":"hexo","hostname":"MarkdeMacBook-Pro.local","pid":1182,"level":20,"msg":"Processed: \u001b[35msource/vendors/fancybox/source/fancybox_sprite.png\u001b[39m","time":"2016-08-03T03:59:18.453Z","v":0}
{"name":"hexo","hostname":"MarkdeMacBook-Pro.local","pid":1182,"level":20,"msg":"Processed: \u001b[35msource/vendors/fancybox/source/fancybox_sprite@2x.png\u001b[39m","time":"2016-08-03T03:59:18.453Z","v":0}
{"name":"hexo","hostname":"MarkdeMacBook-Pro.local","pid":1182,"level":20,"msg":"Processed: \u001b[35msource/vendors/fancybox/source/fancybox_loading@2x.gif\u001b[39m","time":"2016-08-03T03:59:18.454Z","v":0}
{"name":"hexo","hostname":"MarkdeMacBook-Pro.local","pid":1182,"level":20,"msg":"Processed: \u001b[35msource/vendors/fancybox/source/fancybox_overlay.png\u001b[39m","time":"2016-08-03T03:59:18.455Z","v":0}
{"name":"hexo","hostname":"MarkdeMacBook-Pro.local","pid":1182,"level":20,"msg":"Processed: \u001b[35msource/vendors/fancybox/source/jquery.fancybox.css\u001b[39m","time":"2016-08-03T03:59:18.456Z","v":0}
{"name":"hexo","hostname":"MarkdeMacBook-Pro.local","pid":1182,"level":20,"msg":"Processed: \u001b[35msource/vendors/fancybox/source/jquery.fancybox.pack.js\u001b[39m","time":"2016-08-03T03:59:18.456Z","v":0}
{"name":"hexo","hostname":"MarkdeMacBook-Pro.local","pid":1182,"level":20,"msg":"Processed: \u001b[35msource/vendors/fastclick/lib/fastclick.js\u001b[39m","time":"2016-08-03T03:59:18.458Z","v":0}
{"name":"hexo","hostname":"MarkdeMacBook-Pro.local","pid":1182,"level":20,"msg":"Processed: \u001b[35msource/vendors/fastclick/lib/fastclick.min.js\u001b[39m","time":"2016-08-03T03:59:18.458Z","v":0}
{"name":"hexo","hostname":"MarkdeMacBook-Pro.local","pid":1182,"level":20,"msg":"Processed: \u001b[35msource/vendors/fancybox/source/jquery.fancybox.js\u001b[39m","time":"2016-08-03T03:59:18.458Z","v":0}
{"name":"hexo","hostname":"MarkdeMacBook-Pro.local","pid":1182,"level":20,"msg":"Processed: \u001b[35msource/vendors/font-awesome/css/font-awesome.min.css\u001b[39m","time":"2016-08-03T03:59:18.459Z","v":0}
{"name":"hexo","hostname":"MarkdeMacBook-Pro.local","pid":1182,"level":20,"msg":"Processed: \u001b[35msource/vendors/font-awesome/css/font-awesome.css\u001b[39m","time":"2016-08-03T03:59:18.460Z","v":0}
{"name":"hexo","hostname":"MarkdeMacBook-Pro.local","pid":1182,"level":20,"msg":"Processed: \u001b[35msource/vendors/font-awesome/css/font-awesome.css.map\u001b[39m","time":"2016-08-03T03:59:18.460Z","v":0}
{"name":"hexo","hostname":"MarkdeMacBook-Pro.local","pid":1182,"level":20,"msg":"Processed: \u001b[35msource/vendors/font-awesome/fonts/fontawesome-webfont.woff2\u001b[39m","time":"2016-08-03T03:59:18.461Z","v":0}
{"name":"hexo","hostname":"MarkdeMacBook-Pro.local","pid":1182,"level":20,"msg":"Processed: \u001b[35msource/vendors/ua-parser-js/dist/ua-parser.min.js\u001b[39m","time":"2016-08-03T03:59:18.461Z","v":0}
{"name":"hexo","hostname":"MarkdeMacBook-Pro.local","pid":1182,"level":20,"msg":"Processed: \u001b[35msource/vendors/ua-parser-js/dist/ua-parser.pack.js\u001b[39m","time":"2016-08-03T03:59:18.461Z","v":0}
{"name":"hexo","hostname":"MarkdeMacBook-Pro.local","pid":1182,"level":20,"msg":"Processed: \u001b[35mlayout/_partials/head/external-fonts.swig\u001b[39m","time":"2016-08-03T03:59:18.481Z","v":0}
{"name":"hexo","hostname":"MarkdeMacBook-Pro.local","pid":1182,"level":20,"msg":"Processed: \u001b[35mlayout/_partials/search/localsearch.swig\u001b[39m","time":"2016-08-03T03:59:18.481Z","v":0}
{"name":"hexo","hostname":"MarkdeMacBook-Pro.local","pid":1182,"level":20,"msg":"Processed: \u001b[35mlayout/_partials/share/add-this.swig\u001b[39m","time":"2016-08-03T03:59:18.482Z","v":0}
{"name":"hexo","hostname":"MarkdeMacBook-Pro.local","pid":1182,"level":20,"msg":"Processed: \u001b[35mlayout/_partials/search/tinysou.swig\u001b[39m","time":"2016-08-03T03:59:18.482Z","v":0}
{"name":"hexo","hostname":"MarkdeMacBook-Pro.local","pid":1182,"level":20,"msg":"Processed: \u001b[35mlayout/_partials/search/swiftype.swig\u001b[39m","time":"2016-08-03T03:59:18.482Z","v":0}
{"name":"hexo","hostname":"MarkdeMacBook-Pro.local","pid":1182,"level":20,"msg":"Processed: \u001b[35mlayout/_partials/share/baidushare.swig\u001b[39m","time":"2016-08-03T03:59:18.482Z","v":0}
{"name":"hexo","hostname":"MarkdeMacBook-Pro.local","pid":1182,"level":20,"msg":"Processed: \u001b[35mlayout/_scripts/schemes/pisces.swig\u001b[39m","time":"2016-08-03T03:59:18.482Z","v":0}
{"name":"hexo","hostname":"MarkdeMacBook-Pro.local","pid":1182,"level":20,"msg":"Processed: \u001b[35mlayout/_partials/share/duoshuo_share.swig\u001b[39m","time":"2016-08-03T03:59:18.482Z","v":0}
{"name":"hexo","hostname":"MarkdeMacBook-Pro.local","pid":1182,"level":20,"msg":"Processed: \u001b[35mlayout/_partials/share/jiathis.swig\u001b[39m","time":"2016-08-03T03:59:18.482Z","v":0}
{"name":"hexo","hostname":"MarkdeMacBook-Pro.local","pid":1182,"level":20,"msg":"Processed: \u001b[35mlayout/_scripts/third-party/lean-analytics.swig\u001b[39m","time":"2016-08-03T03:59:18.482Z","v":0}
{"name":"hexo","hostname":"MarkdeMacBook-Pro.local","pid":1182,"level":20,"msg":"Processed: \u001b[35mlayout/_scripts/third-party/analytics.swig\u001b[39m","time":"2016-08-03T03:59:18.482Z","v":0}
{"name":"hexo","hostname":"MarkdeMacBook-Pro.local","pid":1182,"level":20,"msg":"Processed: \u001b[35mlayout/_scripts/third-party/comments.swig\u001b[39m","time":"2016-08-03T03:59:18.482Z","v":0}
{"name":"hexo","hostname":"MarkdeMacBook-Pro.local","pid":1182,"level":20,"msg":"Processed: \u001b[35mlayout/_scripts/third-party/localsearch.swig\u001b[39m","time":"2016-08-03T03:59:18.483Z","v":0}
{"name":"hexo","hostname":"MarkdeMacBook-Pro.local","pid":1182,"level":20,"msg":"Processed: \u001b[35mlayout/_scripts/third-party/mathjax.swig\u001b[39m","time":"2016-08-03T03:59:18.483Z","v":0}
{"name":"hexo","hostname":"MarkdeMacBook-Pro.local","pid":1182,"level":20,"msg":"Processed: \u001b[35mlayout/_scripts/third-party/tinysou.swig\u001b[39m","time":"2016-08-03T03:59:18.483Z","v":0}
{"name":"hexo","hostname":"MarkdeMacBook-Pro.local","pid":1182,"level":20,"msg":"Processed: \u001b[35mlayout/_scripts/pages/post-details.swig\u001b[39m","time":"2016-08-03T03:59:18.483Z","v":0}
{"name":"hexo","hostname":"MarkdeMacBook-Pro.local","pid":1182,"level":20,"msg":"Processed: \u001b[35msource/vendors/font-awesome/fonts/fontawesome-webfont.eot\u001b[39m","time":"2016-08-03T03:59:18.487Z","v":0}
{"name":"hexo","hostname":"MarkdeMacBook-Pro.local","pid":1182,"level":20,"msg":"Processed: \u001b[35msource/vendors/font-awesome/fonts/FontAwesome.otf\u001b[39m","time":"2016-08-03T03:59:18.487Z","v":0}
{"name":"hexo","hostname":"MarkdeMacBook-Pro.local","pid":1182,"level":20,"msg":"Processed: \u001b[35msource/vendors/velocity/velocity.js\u001b[39m","time":"2016-08-03T03:59:18.487Z","v":0}
{"name":"hexo","hostname":"MarkdeMacBook-Pro.local","pid":1182,"level":20,"msg":"Processed: \u001b[35msource/vendors/font-awesome/fonts/fontawesome-webfont.woff\u001b[39m","time":"2016-08-03T03:59:18.488Z","v":0}
{"name":"hexo","hostname":"MarkdeMacBook-Pro.local","pid":1182,"level":20,"msg":"Processed: \u001b[35msource/vendors/fancybox/source/helpers/fancybox_buttons.png\u001b[39m","time":"2016-08-03T03:59:18.505Z","v":0}
{"name":"hexo","hostname":"MarkdeMacBook-Pro.local","pid":1182,"level":20,"msg":"Processed: \u001b[35msource/vendors/fancybox/source/helpers/jquery.fancybox-buttons.css\u001b[39m","time":"2016-08-03T03:59:18.508Z","v":0}
{"name":"hexo","hostname":"MarkdeMacBook-Pro.local","pid":1182,"level":20,"msg":"Processed: \u001b[35msource/vendors/fancybox/source/helpers/jquery.fancybox-thumbs.css\u001b[39m","time":"2016-08-03T03:59:18.508Z","v":0}
{"name":"hexo","hostname":"MarkdeMacBook-Pro.local","pid":1182,"level":20,"msg":"Processed: \u001b[35msource/vendors/fancybox/source/helpers/jquery.fancybox-media.js\u001b[39m","time":"2016-08-03T03:59:18.509Z","v":0}
{"name":"hexo","hostname":"MarkdeMacBook-Pro.local","pid":1182,"level":20,"msg":"Processed: \u001b[35msource/vendors/fancybox/source/helpers/jquery.fancybox-buttons.js\u001b[39m","time":"2016-08-03T03:59:18.509Z","v":0}
{"name":"hexo","hostname":"MarkdeMacBook-Pro.local","pid":1182,"level":20,"msg":"Processed: \u001b[35msource/vendors/fancybox/source/helpers/jquery.fancybox-thumbs.js\u001b[39m","time":"2016-08-03T03:59:18.510Z","v":0}
{"name":"hexo","hostname":"MarkdeMacBook-Pro.local","pid":1182,"level":20,"msg":"Processed: \u001b[35msource/vendors/font-awesome/fonts/fontawesome-webfont.ttf\u001b[39m","time":"2016-08-03T03:59:18.510Z","v":0}
{"name":"hexo","hostname":"MarkdeMacBook-Pro.local","pid":1182,"level":20,"msg":"Processed: \u001b[35mlayout/_scripts/third-party/analytics/facebook-sdk.swig\u001b[39m","time":"2016-08-03T03:59:18.533Z","v":0}
{"name":"hexo","hostname":"MarkdeMacBook-Pro.local","pid":1182,"level":20,"msg":"Processed: \u001b[35mlayout/_scripts/third-party/analytics/google-analytics.swig\u001b[39m","time":"2016-08-03T03:59:18.533Z","v":0}
{"name":"hexo","hostname":"MarkdeMacBook-Pro.local","pid":1182,"level":20,"msg":"Processed: \u001b[35mlayout/_scripts/third-party/analytics/busuanzi-counter.swig\u001b[39m","time":"2016-08-03T03:59:18.533Z","v":0}
{"name":"hexo","hostname":"MarkdeMacBook-Pro.local","pid":1182,"level":20,"msg":"Processed: \u001b[35mlayout/_scripts/third-party/analytics/baidu-analytics.swig\u001b[39m","time":"2016-08-03T03:59:18.534Z","v":0}
{"name":"hexo","hostname":"MarkdeMacBook-Pro.local","pid":1182,"level":20,"msg":"Processed: \u001b[35mlayout/_scripts/third-party/analytics/tencent-analytics.swig\u001b[39m","time":"2016-08-03T03:59:18.534Z","v":0}
{"name":"hexo","hostname":"MarkdeMacBook-Pro.local","pid":1182,"level":20,"msg":"Processed: \u001b[35mlayout/_scripts/third-party/comments/disqus.swig\u001b[39m","time":"2016-08-03T03:59:18.534Z","v":0}
{"name":"hexo","hostname":"MarkdeMacBook-Pro.local","pid":1182,"level":20,"msg":"Processed: \u001b[35mlayout/_scripts/third-party/comments/duoshuo.swig\u001b[39m","time":"2016-08-03T03:59:18.534Z","v":0}
{"name":"hexo","hostname":"MarkdeMacBook-Pro.local","pid":1182,"level":20,"msg":"Processed: \u001b[35mlayout/_scripts/third-party/analytics/cnzz-analytics.swig\u001b[39m","time":"2016-08-03T03:59:18.534Z","v":0}
{"name":"hexo","hostname":"MarkdeMacBook-Pro.local","pid":1182,"level":20,"msg":"Processed: \u001b[35msource/vendors/font-awesome/fonts/fontawesome-webfont.svg\u001b[39m","time":"2016-08-03T03:59:18.537Z","v":0}
{"name":"hexo","hostname":"MarkdeMacBook-Pro.local","pid":1182,"level":20,"msg":"Generator: \u001b[35mpage\u001b[39m","time":"2016-08-03T03:59:18.887Z","v":0}
{"name":"hexo","hostname":"MarkdeMacBook-Pro.local","pid":1182,"level":20,"msg":"Generator: \u001b[35mpost\u001b[39m","time":"2016-08-03T03:59:18.888Z","v":0}
{"name":"hexo","hostname":"MarkdeMacBook-Pro.local","pid":1182,"level":20,"msg":"Generator: \u001b[35marchive\u001b[39m","time":"2016-08-03T03:59:18.888Z","v":0}
{"name":"hexo","hostname":"MarkdeMacBook-Pro.local","pid":1182,"level":20,"msg":"Generator: \u001b[35mindex\u001b[39m","time":"2016-08-03T03:59:18.888Z","v":0}
{"name":"hexo","hostname":"MarkdeMacBook-Pro.local","pid":1182,"level":20,"msg":"Generator: \u001b[35mcategory\u001b[39m","time":"2016-08-03T03:59:18.888Z","v":0}
{"name":"hexo","hostname":"MarkdeMacBook-Pro.local","pid":1182,"level":20,"msg":"Generator: \u001b[35mtag\u001b[39m","time":"2016-08-03T03:59:18.888Z","v":0}
{"name":"hexo","hostname":"MarkdeMacBook-Pro.local","pid":1182,"level":20,"msg":"Generator: \u001b[35masset\u001b[39m","time":"2016-08-03T03:59:18.889Z","v":0}
{"name":"hexo","hostname":"MarkdeMacBook-Pro.local","pid":1182,"level":30,"msg":"Hexo is running at \u001b[4mhttp://localhost:4000/\u001b[24m. Press Ctrl+C to stop.","time":"2016-08-03T03:59:18.894Z","v":0}
{"name":"hexo","hostname":"MarkdeMacBook-Pro.local","pid":1182,"level":20,"msg":"Database saved","time":"2016-08-03T03:59:18.916Z","v":0}
{"name":"hexo","hostname":"MarkdeMacBook-Pro.local","pid":1182,"level":20,"msg":"Rendering index: \u001b[35mindex.html\u001b[39m","time":"2016-08-03T03:59:36.711Z","v":0}
{"name":"hexo","hostname":"MarkdeMacBook-Pro.local","pid":1182,"level":20,"msg":"Theme config loaded.","time":"2016-08-03T04:01:18.593Z","v":0}
{"name":"hexo","hostname":"MarkdeMacBook-Pro.local","pid":1182,"level":20,"msg":"Processed: \u001b[35m_config.yml\u001b[39m","time":"2016-08-03T04:01:18.593Z","v":0}
{"name":"hexo","hostname":"MarkdeMacBook-Pro.local","pid":1182,"level":20,"msg":"Generator: \u001b[35mpage\u001b[39m","time":"2016-08-03T04:01:18.711Z","v":0}
{"name":"hexo","hostname":"MarkdeMacBook-Pro.local","pid":1182,"level":20,"msg":"Generator: \u001b[35mpost\u001b[39m","time":"2016-08-03T04:01:18.711Z","v":0}
{"name":"hexo","hostname":"MarkdeMacBook-Pro.local","pid":1182,"level":20,"msg":"Generator: \u001b[35marchive\u001b[39m","time":"2016-08-03T04:01:18.711Z","v":0}
{"name":"hexo","hostname":"MarkdeMacBook-Pro.local","pid":1182,"level":20,"msg":"Generator: \u001b[35mindex\u001b[39m","time":"2016-08-03T04:01:18.712Z","v":0}
{"name":"hexo","hostname":"MarkdeMacBook-Pro.local","pid":1182,"level":20,"msg":"Generator: \u001b[35mcategory\u001b[39m","time":"2016-08-03T04:01:18.712Z","v":0}
{"name":"hexo","hostname":"MarkdeMacBook-Pro.local","pid":1182,"level":20,"msg":"Generator: \u001b[35mtag\u001b[39m","time":"2016-08-03T04:01:18.713Z","v":0}
{"name":"hexo","hostname":"MarkdeMacBook-Pro.local","pid":1182,"level":20,"msg":"Generator: \u001b[35masset\u001b[39m","time":"2016-08-03T04:01:18.715Z","v":0}
{"name":"hexo","hostname":"MarkdeMacBook-Pro.local","pid":1182,"level":30,"msg":"Good bye","time":"2016-08-03T04:02:01.704Z","v":0}
{"name":"hexo","hostname":"MarkdeMacBook-Pro.local","pid":1182,"level":20,"msg":"Database saved","time":"2016-08-03T04:02:01.721Z","v":0}
{"name":"hexo","hostname":"MarkdeMacBook-Pro.local","pid":1185,"level":20,"msg":"Hexo version: \u001b[35m3.2.2\u001b[39m","time":"2016-08-03T04:02:05.948Z","v":0}
{"name":"hexo","hostname":"MarkdeMacBook-Pro.local","pid":1185,"level":20,"msg":"Working directory: \u001b[35m~/Documents/Blog/Guowj/\u001b[39m","time":"2016-08-03T04:02:05.951Z","v":0}
{"name":"hexo","hostname":"MarkdeMacBook-Pro.local","pid":1185,"level":20,"msg":"Config loaded: \u001b[35m~/Documents/Blog/Guowj/_config.yml\u001b[39m","time":"2016-08-03T04:02:06.240Z","v":0}
{"name":"hexo","hostname":"MarkdeMacBook-Pro.local","pid":1185,"level":20,"msg":"Plugin loaded: \u001b[35mhexo-generator-index\u001b[39m","time":"2016-08-03T04:02:06.279Z","v":0}
{"name":"hexo","hostname":"MarkdeMacBook-Pro.local","pid":1185,"level":20,"msg":"Plugin loaded: \u001b[35mhexo-generator-archive\u001b[39m","time":"2016-08-03T04:02:06.290Z","v":0}
{"name":"hexo","hostname":"MarkdeMacBook-Pro.local","pid":1185,"level":20,"msg":"Plugin loaded: \u001b[35mhexo-generator-category\u001b[39m","time":"2016-08-03T04:02:06.300Z","v":0}
{"name":"hexo","hostname":"MarkdeMacBook-Pro.local","pid":1185,"level":20,"msg":"Plugin loaded: \u001b[35mhexo-deployer-git\u001b[39m","time":"2016-08-03T04:02:06.881Z","v":0}
{"name":"hexo","hostname":"MarkdeMacBook-Pro.local","pid":1185,"level":20,"msg":"Plugin loaded: \u001b[35mhexo-renderer-ejs\u001b[39m","time":"2016-08-03T04:02:06.894Z","v":0}
{"name":"hexo","hostname":"MarkdeMacBook-Pro.local","pid":1185,"level":20,"msg":"Plugin loaded: \u001b[35mhexo-generator-tag\u001b[39m","time":"2016-08-03T04:02:06.907Z","v":0}
{"name":"hexo","hostname":"MarkdeMacBook-Pro.local","pid":1185,"level":20,"msg":"Plugin loaded: \u001b[35mhexo-renderer-marked\u001b[39m","time":"2016-08-03T04:02:07.098Z","v":0}
{"name":"hexo","hostname":"MarkdeMacBook-Pro.local","pid":1185,"level":20,"msg":"Plugin loaded: \u001b[35mhexo-renderer-stylus\u001b[39m","time":"2016-08-03T04:02:07.102Z","v":0}
{"name":"hexo","hostname":"MarkdeMacBook-Pro.local","pid":1185,"level":20,"msg":"Script loaded: \u001b[35mthemes/next/scripts/merge-configs.js\u001b[39m","time":"2016-08-03T04:02:07.103Z","v":0}
{"name":"hexo","hostname":"MarkdeMacBook-Pro.local","pid":1185,"level":20,"msg":"Plugin loaded: \u001b[35mhexo-server\u001b[39m","time":"2016-08-03T04:02:07.437Z","v":0}
{"name":"hexo","hostname":"MarkdeMacBook-Pro.local","pid":1185,"level":20,"msg":"Script loaded: \u001b[35mthemes/next/scripts/tags/center-quote.js\u001b[39m","time":"2016-08-03T04:02:07.438Z","v":0}
{"name":"hexo","hostname":"MarkdeMacBook-Pro.local","pid":1185,"level":20,"msg":"Script loaded: \u001b[35mthemes/next/scripts/tags/full-image.js\u001b[39m","time":"2016-08-03T04:02:07.438Z","v":0}
{"name":"hexo","hostname":"MarkdeMacBook-Pro.local","pid":1185,"level":20,"msg":"Script loaded: \u001b[35mthemes/next/scripts/tags/group-pictures.js\u001b[39m","time":"2016-08-03T04:02:07.439Z","v":0}
{"name":"hexo","hostname":"MarkdeMacBook-Pro.local","pid":1185,"level":20,"msg":"Loading database.","time":"2016-08-03T04:02:07.448Z","v":0}
{"name":"hexo","hostname":"MarkdeMacBook-Pro.local","pid":1185,"level":30,"msg":"Start processing","time":"2016-08-03T04:02:07.489Z","v":0}
{"name":"hexo","hostname":"MarkdeMacBook-Pro.local","pid":1185,"level":20,"msg":"Processed: \u001b[35m_posts/hello-world.md\u001b[39m","time":"2016-08-03T04:02:07.581Z","v":0}
{"name":"hexo","hostname":"MarkdeMacBook-Pro.local","pid":1185,"level":20,"msg":"Theme config loaded.","time":"2016-08-03T04:02:07.671Z","v":0}
{"name":"hexo","hostname":"MarkdeMacBook-Pro.local","pid":1185,"level":20,"msg":"Processed: \u001b[35m_config.yml\u001b[39m","time":"2016-08-03T04:02:07.673Z","v":0}
{"name":"hexo","hostname":"MarkdeMacBook-Pro.local","pid":1185,"level":20,"msg":"Processed: \u001b[35msource/css/main.styl\u001b[39m","time":"2016-08-03T04:02:07.674Z","v":0}
{"name":"hexo","hostname":"MarkdeMacBook-Pro.local","pid":1185,"level":20,"msg":"Processed: \u001b[35msource/images/cc-by-nc-sa.svg\u001b[39m","time":"2016-08-03T04:02:07.688Z","v":0}
{"name":"hexo","hostname":"MarkdeMacBook-Pro.local","pid":1185,"level":20,"msg":"Processed: \u001b[35msource/images/avatar.gif\u001b[39m","time":"2016-08-03T04:02:07.689Z","v":0}
{"name":"hexo","hostname":"MarkdeMacBook-Pro.local","pid":1185,"level":20,"msg":"Processed: \u001b[35msource/images/cc-by-nc-nd.svg\u001b[39m","time":"2016-08-03T04:02:07.689Z","v":0}
{"name":"hexo","hostname":"MarkdeMacBook-Pro.local","pid":1185,"level":20,"msg":"Processed: \u001b[35msource/images/cc-by-nc.svg\u001b[39m","time":"2016-08-03T04:02:07.689Z","v":0}
{"name":"hexo","hostname":"MarkdeMacBook-Pro.local","pid":1185,"level":20,"msg":"Processed: \u001b[35msource/images/cc-zero.svg\u001b[39m","time":"2016-08-03T04:02:07.689Z","v":0}
{"name":"hexo","hostname":"MarkdeMacBook-Pro.local","pid":1185,"level":20,"msg":"Processed: \u001b[35msource/images/cc-by-sa.svg\u001b[39m","time":"2016-08-03T04:02:07.690Z","v":0}
{"name":"hexo","hostname":"MarkdeMacBook-Pro.local","pid":1185,"level":20,"msg":"Processed: \u001b[35msource/images/cc-by.svg\u001b[39m","time":"2016-08-03T04:02:07.690Z","v":0}
{"name":"hexo","hostname":"MarkdeMacBook-Pro.local","pid":1185,"level":20,"msg":"Processed: \u001b[35msource/images/cc-by-nd.svg\u001b[39m","time":"2016-08-03T04:02:07.691Z","v":0}
{"name":"hexo","hostname":"MarkdeMacBook-Pro.local","pid":1185,"level":20,"msg":"Processed: \u001b[35msource/images/quote-r.svg\u001b[39m","time":"2016-08-03T04:02:07.692Z","v":0}
{"name":"hexo","hostname":"MarkdeMacBook-Pro.local","pid":1185,"level":20,"msg":"Processed: \u001b[35msource/images/loading.gif\u001b[39m","time":"2016-08-03T04:02:07.692Z","v":0}
{"name":"hexo","hostname":"MarkdeMacBook-Pro.local","pid":1185,"level":20,"msg":"Processed: \u001b[35msource/images/placeholder.gif\u001b[39m","time":"2016-08-03T04:02:07.693Z","v":0}
{"name":"hexo","hostname":"MarkdeMacBook-Pro.local","pid":1185,"level":20,"msg":"Processed: \u001b[35msource/images/searchicon.png\u001b[39m","time":"2016-08-03T04:02:07.694Z","v":0}
{"name":"hexo","hostname":"MarkdeMacBook-Pro.local","pid":1185,"level":20,"msg":"Processed: \u001b[35msource/images/quote-l.svg\u001b[39m","time":"2016-08-03T04:02:07.694Z","v":0}
{"name":"hexo","hostname":"MarkdeMacBook-Pro.local","pid":1185,"level":20,"msg":"Processed: \u001b[35mlayout/_layout.swig\u001b[39m","time":"2016-08-03T04:02:07.851Z","v":0}
{"name":"hexo","hostname":"MarkdeMacBook-Pro.local","pid":1185,"level":20,"msg":"Processed: \u001b[35mlayout/archive.swig\u001b[39m","time":"2016-08-03T04:02:07.851Z","v":0}
{"name":"hexo","hostname":"MarkdeMacBook-Pro.local","pid":1185,"level":20,"msg":"Processed: \u001b[35mlayout/post.swig\u001b[39m","time":"2016-08-03T04:02:07.852Z","v":0}
{"name":"hexo","hostname":"MarkdeMacBook-Pro.local","pid":1185,"level":20,"msg":"Processed: \u001b[35mlayout/page.swig\u001b[39m","time":"2016-08-03T04:02:07.852Z","v":0}
{"name":"hexo","hostname":"MarkdeMacBook-Pro.local","pid":1185,"level":20,"msg":"Processed: \u001b[35mlayout/category.swig\u001b[39m","time":"2016-08-03T04:02:07.852Z","v":0}
{"name":"hexo","hostname":"MarkdeMacBook-Pro.local","pid":1185,"level":20,"msg":"Processed: \u001b[35mlayout/index.swig\u001b[39m","time":"2016-08-03T04:02:07.852Z","v":0}
{"name":"hexo","hostname":"MarkdeMacBook-Pro.local","pid":1185,"level":20,"msg":"Processed: \u001b[35mlayout/tag.swig\u001b[39m","time":"2016-08-03T04:02:07.852Z","v":0}
{"name":"hexo","hostname":"MarkdeMacBook-Pro.local","pid":1185,"level":20,"msg":"Processed: \u001b[35mlanguages/de.yml\u001b[39m","time":"2016-08-03T04:02:07.866Z","v":0}
{"name":"hexo","hostname":"MarkdeMacBook-Pro.local","pid":1185,"level":20,"msg":"Processed: \u001b[35mlanguages/default.yml\u001b[39m","time":"2016-08-03T04:02:07.866Z","v":0}
{"name":"hexo","hostname":"MarkdeMacBook-Pro.local","pid":1185,"level":20,"msg":"Processed: \u001b[35mlanguages/en.yml\u001b[39m","time":"2016-08-03T04:02:07.866Z","v":0}
{"name":"hexo","hostname":"MarkdeMacBook-Pro.local","pid":1185,"level":20,"msg":"Processed: \u001b[35mlanguages/ja.yml\u001b[39m","time":"2016-08-03T04:02:07.867Z","v":0}
{"name":"hexo","hostname":"MarkdeMacBook-Pro.local","pid":1185,"level":20,"msg":"Processed: \u001b[35mlanguages/pt-BR.yml\u001b[39m","time":"2016-08-03T04:02:07.867Z","v":0}
{"name":"hexo","hostname":"MarkdeMacBook-Pro.local","pid":1185,"level":20,"msg":"Processed: \u001b[35mlanguages/id.yml\u001b[39m","time":"2016-08-03T04:02:07.867Z","v":0}
{"name":"hexo","hostname":"MarkdeMacBook-Pro.local","pid":1185,"level":20,"msg":"Processed: \u001b[35mlanguages/fr-FR.yml\u001b[39m","time":"2016-08-03T04:02:07.867Z","v":0}
{"name":"hexo","hostname":"MarkdeMacBook-Pro.local","pid":1185,"level":20,"msg":"Processed: \u001b[35mlanguages/ru.yml\u001b[39m","time":"2016-08-03T04:02:07.867Z","v":0}
{"name":"hexo","hostname":"MarkdeMacBook-Pro.local","pid":1185,"level":20,"msg":"Processed: \u001b[35mlanguages/zh-Hans.yml\u001b[39m","time":"2016-08-03T04:02:07.868Z","v":0}
{"name":"hexo","hostname":"MarkdeMacBook-Pro.local","pid":1185,"level":20,"msg":"Processed: \u001b[35mlanguages/pt.yml\u001b[39m","time":"2016-08-03T04:02:07.868Z","v":0}
{"name":"hexo","hostname":"MarkdeMacBook-Pro.local","pid":1185,"level":20,"msg":"Processed: \u001b[35mlanguages/zh-hk.yml\u001b[39m","time":"2016-08-03T04:02:07.868Z","v":0}
{"name":"hexo","hostname":"MarkdeMacBook-Pro.local","pid":1185,"level":20,"msg":"Processed: \u001b[35mlanguages/zh-tw.yml\u001b[39m","time":"2016-08-03T04:02:07.869Z","v":0}
{"name":"hexo","hostname":"MarkdeMacBook-Pro.local","pid":1185,"level":20,"msg":"Processed: \u001b[35msource/js/src/hook-duoshuo.js\u001b[39m","time":"2016-08-03T04:02:07.885Z","v":0}
{"name":"hexo","hostname":"MarkdeMacBook-Pro.local","pid":1185,"level":20,"msg":"Processed: \u001b[35msource/js/src/affix.js\u001b[39m","time":"2016-08-03T04:02:07.885Z","v":0}
{"name":"hexo","hostname":"MarkdeMacBook-Pro.local","pid":1185,"level":20,"msg":"Processed: \u001b[35msource/js/src/motion.js\u001b[39m","time":"2016-08-03T04:02:07.885Z","v":0}
{"name":"hexo","hostname":"MarkdeMacBook-Pro.local","pid":1185,"level":20,"msg":"Processed: \u001b[35msource/js/src/bootstrap.js\u001b[39m","time":"2016-08-03T04:02:07.886Z","v":0}
{"name":"hexo","hostname":"MarkdeMacBook-Pro.local","pid":1185,"level":20,"msg":"Processed: \u001b[35msource/js/src/utils.js\u001b[39m","time":"2016-08-03T04:02:07.886Z","v":0}
{"name":"hexo","hostname":"MarkdeMacBook-Pro.local","pid":1185,"level":20,"msg":"Processed: \u001b[35msource/js/src/scrollspy.js\u001b[39m","time":"2016-08-03T04:02:07.887Z","v":0}
{"name":"hexo","hostname":"MarkdeMacBook-Pro.local","pid":1185,"level":20,"msg":"Processed: \u001b[35msource/js/src/post-details.js\u001b[39m","time":"2016-08-03T04:02:07.887Z","v":0}
{"name":"hexo","hostname":"MarkdeMacBook-Pro.local","pid":1185,"level":20,"msg":"Processed: \u001b[35msource/vendors/fastclick/LICENSE\u001b[39m","time":"2016-08-03T04:02:07.887Z","v":0}
{"name":"hexo","hostname":"MarkdeMacBook-Pro.local","pid":1185,"level":20,"msg":"Processed: \u001b[35msource/vendors/fastclick/README.md\u001b[39m","time":"2016-08-03T04:02:07.888Z","v":0}
{"name":"hexo","hostname":"MarkdeMacBook-Pro.local","pid":1185,"level":20,"msg":"Processed: \u001b[35msource/vendors/fastclick/bower.json\u001b[39m","time":"2016-08-03T04:02:07.888Z","v":0}
{"name":"hexo","hostname":"MarkdeMacBook-Pro.local","pid":1185,"level":20,"msg":"Processed: \u001b[35msource/vendors/font-awesome/HELP-US-OUT.txt\u001b[39m","time":"2016-08-03T04:02:07.888Z","v":0}
{"name":"hexo","hostname":"MarkdeMacBook-Pro.local","pid":1185,"level":20,"msg":"Processed: \u001b[35msource/vendors/font-awesome/bower.json\u001b[39m","time":"2016-08-03T04:02:07.890Z","v":0}
{"name":"hexo","hostname":"MarkdeMacBook-Pro.local","pid":1185,"level":20,"msg":"Processed: \u001b[35msource/vendors/jquery_lazyload/CONTRIBUTING.md\u001b[39m","time":"2016-08-03T04:02:07.890Z","v":0}
{"name":"hexo","hostname":"MarkdeMacBook-Pro.local","pid":1185,"level":20,"msg":"Processed: \u001b[35msource/vendors/jquery_lazyload/README.md\u001b[39m","time":"2016-08-03T04:02:07.891Z","v":0}
{"name":"hexo","hostname":"MarkdeMacBook-Pro.local","pid":1185,"level":20,"msg":"Processed: \u001b[35msource/vendors/jquery_lazyload/bower.json\u001b[39m","time":"2016-08-03T04:02:07.892Z","v":0}
{"name":"hexo","hostname":"MarkdeMacBook-Pro.local","pid":1185,"level":20,"msg":"Processed: \u001b[35msource/vendors/jquery_lazyload/jquery.scrollstop.js\u001b[39m","time":"2016-08-03T04:02:07.894Z","v":0}
{"name":"hexo","hostname":"MarkdeMacBook-Pro.local","pid":1185,"level":20,"msg":"Processed: \u001b[35msource/vendors/jquery_lazyload/jquery.lazyload.js\u001b[39m","time":"2016-08-03T04:02:07.894Z","v":0}
{"name":"hexo","hostname":"MarkdeMacBook-Pro.local","pid":1185,"level":20,"msg":"Processed: \u001b[35msource/vendors/velocity/bower.json\u001b[39m","time":"2016-08-03T04:02:07.894Z","v":0}
{"name":"hexo","hostname":"MarkdeMacBook-Pro.local","pid":1185,"level":20,"msg":"Processed: \u001b[35msource/vendors/velocity/velocity.ui.min.js\u001b[39m","time":"2016-08-03T04:02:07.895Z","v":0}
{"name":"hexo","hostname":"MarkdeMacBook-Pro.local","pid":1185,"level":20,"msg":"Processed: \u001b[35msource/vendors/velocity/velocity.min.js\u001b[39m","time":"2016-08-03T04:02:07.895Z","v":0}
{"name":"hexo","hostname":"MarkdeMacBook-Pro.local","pid":1185,"level":20,"msg":"Processed: \u001b[35msource/vendors/velocity/velocity.ui.js\u001b[39m","time":"2016-08-03T04:02:07.895Z","v":0}
{"name":"hexo","hostname":"MarkdeMacBook-Pro.local","pid":1185,"level":20,"msg":"Processed: \u001b[35mlayout/_macro/post-collapse.swig\u001b[39m","time":"2016-08-03T04:02:07.946Z","v":0}
{"name":"hexo","hostname":"MarkdeMacBook-Pro.local","pid":1185,"level":20,"msg":"Processed: \u001b[35mlayout/_macro/wechat-subscriber.swig\u001b[39m","time":"2016-08-03T04:02:07.946Z","v":0}
{"name":"hexo","hostname":"MarkdeMacBook-Pro.local","pid":1185,"level":20,"msg":"Processed: \u001b[35mlayout/_macro/reward.swig\u001b[39m","time":"2016-08-03T04:02:07.946Z","v":0}
{"name":"hexo","hostname":"MarkdeMacBook-Pro.local","pid":1185,"level":20,"msg":"Processed: \u001b[35mlayout/_macro/sidebar.swig\u001b[39m","time":"2016-08-03T04:02:07.946Z","v":0}
{"name":"hexo","hostname":"MarkdeMacBook-Pro.local","pid":1185,"level":20,"msg":"Processed: \u001b[35mlayout/_macro/post.swig\u001b[39m","time":"2016-08-03T04:02:07.946Z","v":0}
{"name":"hexo","hostname":"MarkdeMacBook-Pro.local","pid":1185,"level":20,"msg":"Processed: \u001b[35mlayout/_partials/duoshuo-hot-articles.swig\u001b[39m","time":"2016-08-03T04:02:07.946Z","v":0}
{"name":"hexo","hostname":"MarkdeMacBook-Pro.local","pid":1185,"level":20,"msg":"Processed: \u001b[35mlayout/_partials/footer.swig\u001b[39m","time":"2016-08-03T04:02:07.947Z","v":0}
{"name":"hexo","hostname":"MarkdeMacBook-Pro.local","pid":1185,"level":20,"msg":"Processed: \u001b[35mlayout/_partials/comments.swig\u001b[39m","time":"2016-08-03T04:02:07.947Z","v":0}
{"name":"hexo","hostname":"MarkdeMacBook-Pro.local","pid":1185,"level":20,"msg":"Processed: \u001b[35mlayout/_partials/head.swig\u001b[39m","time":"2016-08-03T04:02:07.947Z","v":0}
{"name":"hexo","hostname":"MarkdeMacBook-Pro.local","pid":1185,"level":20,"msg":"Processed: \u001b[35mlayout/_partials/header.swig\u001b[39m","time":"2016-08-03T04:02:07.947Z","v":0}
{"name":"hexo","hostname":"MarkdeMacBook-Pro.local","pid":1185,"level":20,"msg":"Processed: \u001b[35mlayout/_partials/pagination.swig\u001b[39m","time":"2016-08-03T04:02:07.947Z","v":0}
{"name":"hexo","hostname":"MarkdeMacBook-Pro.local","pid":1185,"level":20,"msg":"Processed: \u001b[35mlayout/_scripts/baidu-push.swig\u001b[39m","time":"2016-08-03T04:02:07.947Z","v":0}
{"name":"hexo","hostname":"MarkdeMacBook-Pro.local","pid":1185,"level":20,"msg":"Processed: \u001b[35mlayout/_scripts/commons.swig\u001b[39m","time":"2016-08-03T04:02:07.947Z","v":0}
{"name":"hexo","hostname":"MarkdeMacBook-Pro.local","pid":1185,"level":20,"msg":"Processed: \u001b[35mlayout/_partials/search.swig\u001b[39m","time":"2016-08-03T04:02:07.947Z","v":0}
{"name":"hexo","hostname":"MarkdeMacBook-Pro.local","pid":1185,"level":20,"msg":"Processed: \u001b[35mlayout/_scripts/boostrap.swig\u001b[39m","time":"2016-08-03T04:02:07.947Z","v":0}
{"name":"hexo","hostname":"MarkdeMacBook-Pro.local","pid":1185,"level":20,"msg":"Processed: \u001b[35mlayout/_scripts/vendors.swig\u001b[39m","time":"2016-08-03T04:02:07.947Z","v":0}
{"name":"hexo","hostname":"MarkdeMacBook-Pro.local","pid":1185,"level":20,"msg":"Processed: \u001b[35msource/vendors/jquery/index.js\u001b[39m","time":"2016-08-03T04:02:07.950Z","v":0}
{"name":"hexo","hostname":"MarkdeMacBook-Pro.local","pid":1185,"level":20,"msg":"Processed: \u001b[35mlayout/_scripts/schemes/muse.swig\u001b[39m","time":"2016-08-03T04:02:07.957Z","v":0}
{"name":"hexo","hostname":"MarkdeMacBook-Pro.local","pid":1185,"level":20,"msg":"Processed: \u001b[35mlayout/_scripts/schemes/mist.swig\u001b[39m","time":"2016-08-03T04:02:07.957Z","v":0}
{"name":"hexo","hostname":"MarkdeMacBook-Pro.local","pid":1185,"level":20,"msg":"Processed: \u001b[35msource/js/src/schemes/pisces.js\u001b[39m","time":"2016-08-03T04:02:07.959Z","v":0}
{"name":"hexo","hostname":"MarkdeMacBook-Pro.local","pid":1185,"level":20,"msg":"Processed: \u001b[35msource/vendors/fancybox/source/fancybox_loading.gif\u001b[39m","time":"2016-08-03T04:02:07.959Z","v":0}
{"name":"hexo","hostname":"MarkdeMacBook-Pro.local","pid":1185,"level":20,"msg":"Processed: \u001b[35msource/vendors/fancybox/source/blank.gif\u001b[39m","time":"2016-08-03T04:02:07.959Z","v":0}
{"name":"hexo","hostname":"MarkdeMacBook-Pro.local","pid":1185,"level":20,"msg":"Processed: \u001b[35msource/vendors/fancybox/source/fancybox_overlay.png\u001b[39m","time":"2016-08-03T04:02:07.960Z","v":0}
{"name":"hexo","hostname":"MarkdeMacBook-Pro.local","pid":1185,"level":20,"msg":"Processed: \u001b[35msource/vendors/fancybox/source/fancybox_loading@2x.gif\u001b[39m","time":"2016-08-03T04:02:07.960Z","v":0}
{"name":"hexo","hostname":"MarkdeMacBook-Pro.local","pid":1185,"level":20,"msg":"Processed: \u001b[35msource/vendors/fancybox/source/fancybox_sprite.png\u001b[39m","time":"2016-08-03T04:02:07.960Z","v":0}
{"name":"hexo","hostname":"MarkdeMacBook-Pro.local","pid":1185,"level":20,"msg":"Processed: \u001b[35msource/vendors/fancybox/source/fancybox_sprite@2x.png\u001b[39m","time":"2016-08-03T04:02:07.960Z","v":0}
{"name":"hexo","hostname":"MarkdeMacBook-Pro.local","pid":1185,"level":20,"msg":"Processed: \u001b[35msource/vendors/fancybox/source/jquery.fancybox.css\u001b[39m","time":"2016-08-03T04:02:07.961Z","v":0}
{"name":"hexo","hostname":"MarkdeMacBook-Pro.local","pid":1185,"level":20,"msg":"Processed: \u001b[35msource/vendors/fancybox/source/jquery.fancybox.js\u001b[39m","time":"2016-08-03T04:02:07.961Z","v":0}
{"name":"hexo","hostname":"MarkdeMacBook-Pro.local","pid":1185,"level":20,"msg":"Processed: \u001b[35msource/vendors/fancybox/source/jquery.fancybox.pack.js\u001b[39m","time":"2016-08-03T04:02:07.961Z","v":0}
{"name":"hexo","hostname":"MarkdeMacBook-Pro.local","pid":1185,"level":20,"msg":"Processed: \u001b[35msource/vendors/fastclick/lib/fastclick.min.js\u001b[39m","time":"2016-08-03T04:02:07.961Z","v":0}
{"name":"hexo","hostname":"MarkdeMacBook-Pro.local","pid":1185,"level":20,"msg":"Processed: \u001b[35msource/vendors/fastclick/lib/fastclick.js\u001b[39m","time":"2016-08-03T04:02:07.961Z","v":0}
{"name":"hexo","hostname":"MarkdeMacBook-Pro.local","pid":1185,"level":20,"msg":"Processed: \u001b[35msource/vendors/font-awesome/css/font-awesome.css.map\u001b[39m","time":"2016-08-03T04:02:07.961Z","v":0}
{"name":"hexo","hostname":"MarkdeMacBook-Pro.local","pid":1185,"level":20,"msg":"Processed: \u001b[35msource/vendors/font-awesome/css/font-awesome.css\u001b[39m","time":"2016-08-03T04:02:07.962Z","v":0}
{"name":"hexo","hostname":"MarkdeMacBook-Pro.local","pid":1185,"level":20,"msg":"Processed: \u001b[35msource/vendors/font-awesome/css/font-awesome.min.css\u001b[39m","time":"2016-08-03T04:02:07.963Z","v":0}
{"name":"hexo","hostname":"MarkdeMacBook-Pro.local","pid":1185,"level":20,"msg":"Processed: \u001b[35msource/vendors/font-awesome/fonts/fontawesome-webfont.woff2\u001b[39m","time":"2016-08-03T04:02:07.963Z","v":0}
{"name":"hexo","hostname":"MarkdeMacBook-Pro.local","pid":1185,"level":20,"msg":"Processed: \u001b[35msource/vendors/ua-parser-js/dist/ua-parser.min.js\u001b[39m","time":"2016-08-03T04:02:07.963Z","v":0}
{"name":"hexo","hostname":"MarkdeMacBook-Pro.local","pid":1185,"level":20,"msg":"Processed: \u001b[35msource/vendors/ua-parser-js/dist/ua-parser.pack.js\u001b[39m","time":"2016-08-03T04:02:07.964Z","v":0}
{"name":"hexo","hostname":"MarkdeMacBook-Pro.local","pid":1185,"level":20,"msg":"Processed: \u001b[35mlayout/_partials/search/tinysou.swig\u001b[39m","time":"2016-08-03T04:02:07.976Z","v":0}
{"name":"hexo","hostname":"MarkdeMacBook-Pro.local","pid":1185,"level":20,"msg":"Processed: \u001b[35mlayout/_partials/search/swiftype.swig\u001b[39m","time":"2016-08-03T04:02:07.976Z","v":0}
{"name":"hexo","hostname":"MarkdeMacBook-Pro.local","pid":1185,"level":20,"msg":"Processed: \u001b[35mlayout/_partials/search/localsearch.swig\u001b[39m","time":"2016-08-03T04:02:07.976Z","v":0}
{"name":"hexo","hostname":"MarkdeMacBook-Pro.local","pid":1185,"level":20,"msg":"Processed: \u001b[35mlayout/_partials/share/baidushare.swig\u001b[39m","time":"2016-08-03T04:02:07.976Z","v":0}
{"name":"hexo","hostname":"MarkdeMacBook-Pro.local","pid":1185,"level":20,"msg":"Processed: \u001b[35mlayout/_partials/share/add-this.swig\u001b[39m","time":"2016-08-03T04:02:07.976Z","v":0}
{"name":"hexo","hostname":"MarkdeMacBook-Pro.local","pid":1185,"level":20,"msg":"Processed: \u001b[35mlayout/_partials/share/duoshuo_share.swig\u001b[39m","time":"2016-08-03T04:02:07.976Z","v":0}
{"name":"hexo","hostname":"MarkdeMacBook-Pro.local","pid":1185,"level":20,"msg":"Processed: \u001b[35mlayout/_partials/head/external-fonts.swig\u001b[39m","time":"2016-08-03T04:02:07.976Z","v":0}
{"name":"hexo","hostname":"MarkdeMacBook-Pro.local","pid":1185,"level":20,"msg":"Processed: \u001b[35mlayout/_partials/share/jiathis.swig\u001b[39m","time":"2016-08-03T04:02:07.976Z","v":0}
{"name":"hexo","hostname":"MarkdeMacBook-Pro.local","pid":1185,"level":20,"msg":"Processed: \u001b[35mlayout/_scripts/schemes/pisces.swig\u001b[39m","time":"2016-08-03T04:02:07.976Z","v":0}
{"name":"hexo","hostname":"MarkdeMacBook-Pro.local","pid":1185,"level":20,"msg":"Processed: \u001b[35mlayout/_scripts/third-party/analytics.swig\u001b[39m","time":"2016-08-03T04:02:07.976Z","v":0}
{"name":"hexo","hostname":"MarkdeMacBook-Pro.local","pid":1185,"level":20,"msg":"Processed: \u001b[35mlayout/_scripts/third-party/mathjax.swig\u001b[39m","time":"2016-08-03T04:02:07.976Z","v":0}
{"name":"hexo","hostname":"MarkdeMacBook-Pro.local","pid":1185,"level":20,"msg":"Processed: \u001b[35mlayout/_scripts/third-party/localsearch.swig\u001b[39m","time":"2016-08-03T04:02:07.976Z","v":0}
{"name":"hexo","hostname":"MarkdeMacBook-Pro.local","pid":1185,"level":20,"msg":"Processed: \u001b[35mlayout/_scripts/third-party/comments.swig\u001b[39m","time":"2016-08-03T04:02:07.976Z","v":0}
{"name":"hexo","hostname":"MarkdeMacBook-Pro.local","pid":1185,"level":20,"msg":"Processed: \u001b[35mlayout/_scripts/third-party/lean-analytics.swig\u001b[39m","time":"2016-08-03T04:02:07.977Z","v":0}
{"name":"hexo","hostname":"MarkdeMacBook-Pro.local","pid":1185,"level":20,"msg":"Processed: \u001b[35mlayout/_scripts/third-party/tinysou.swig\u001b[39m","time":"2016-08-03T04:02:07.977Z","v":0}
{"name":"hexo","hostname":"MarkdeMacBook-Pro.local","pid":1185,"level":20,"msg":"Processed: \u001b[35mlayout/_scripts/pages/post-details.swig\u001b[39m","time":"2016-08-03T04:02:07.977Z","v":0}
{"name":"hexo","hostname":"MarkdeMacBook-Pro.local","pid":1185,"level":20,"msg":"Processed: \u001b[35msource/vendors/font-awesome/fonts/fontawesome-webfont.woff\u001b[39m","time":"2016-08-03T04:02:07.979Z","v":0}
{"name":"hexo","hostname":"MarkdeMacBook-Pro.local","pid":1185,"level":20,"msg":"Processed: \u001b[35msource/vendors/font-awesome/fonts/FontAwesome.otf\u001b[39m","time":"2016-08-03T04:02:07.980Z","v":0}
{"name":"hexo","hostname":"MarkdeMacBook-Pro.local","pid":1185,"level":20,"msg":"Processed: \u001b[35msource/vendors/font-awesome/fonts/fontawesome-webfont.eot\u001b[39m","time":"2016-08-03T04:02:07.980Z","v":0}
{"name":"hexo","hostname":"MarkdeMacBook-Pro.local","pid":1185,"level":20,"msg":"Processed: \u001b[35msource/vendors/velocity/velocity.js\u001b[39m","time":"2016-08-03T04:02:07.981Z","v":0}
{"name":"hexo","hostname":"MarkdeMacBook-Pro.local","pid":1185,"level":20,"msg":"Processed: \u001b[35msource/vendors/fancybox/source/helpers/jquery.fancybox-buttons.css\u001b[39m","time":"2016-08-03T04:02:07.985Z","v":0}
{"name":"hexo","hostname":"MarkdeMacBook-Pro.local","pid":1185,"level":20,"msg":"Processed: \u001b[35msource/vendors/fancybox/source/helpers/fancybox_buttons.png\u001b[39m","time":"2016-08-03T04:02:07.985Z","v":0}
{"name":"hexo","hostname":"MarkdeMacBook-Pro.local","pid":1185,"level":20,"msg":"Processed: \u001b[35msource/vendors/fancybox/source/helpers/jquery.fancybox-media.js\u001b[39m","time":"2016-08-03T04:02:07.986Z","v":0}
{"name":"hexo","hostname":"MarkdeMacBook-Pro.local","pid":1185,"level":20,"msg":"Processed: \u001b[35msource/vendors/fancybox/source/helpers/jquery.fancybox-buttons.js\u001b[39m","time":"2016-08-03T04:02:07.986Z","v":0}
{"name":"hexo","hostname":"MarkdeMacBook-Pro.local","pid":1185,"level":20,"msg":"Processed: \u001b[35msource/vendors/font-awesome/fonts/fontawesome-webfont.ttf\u001b[39m","time":"2016-08-03T04:02:07.986Z","v":0}
{"name":"hexo","hostname":"MarkdeMacBook-Pro.local","pid":1185,"level":20,"msg":"Processed: \u001b[35msource/vendors/fancybox/source/helpers/jquery.fancybox-thumbs.css\u001b[39m","time":"2016-08-03T04:02:07.989Z","v":0}
{"name":"hexo","hostname":"MarkdeMacBook-Pro.local","pid":1185,"level":20,"msg":"Processed: \u001b[35msource/vendors/fancybox/source/helpers/jquery.fancybox-thumbs.js\u001b[39m","time":"2016-08-03T04:02:07.989Z","v":0}
{"name":"hexo","hostname":"MarkdeMacBook-Pro.local","pid":1185,"level":20,"msg":"Processed: \u001b[35mlayout/_scripts/third-party/analytics/busuanzi-counter.swig\u001b[39m","time":"2016-08-03T04:02:07.999Z","v":0}
{"name":"hexo","hostname":"MarkdeMacBook-Pro.local","pid":1185,"level":20,"msg":"Processed: \u001b[35mlayout/_scripts/third-party/analytics/facebook-sdk.swig\u001b[39m","time":"2016-08-03T04:02:07.999Z","v":0}
{"name":"hexo","hostname":"MarkdeMacBook-Pro.local","pid":1185,"level":20,"msg":"Processed: \u001b[35mlayout/_scripts/third-party/analytics/baidu-analytics.swig\u001b[39m","time":"2016-08-03T04:02:07.999Z","v":0}
{"name":"hexo","hostname":"MarkdeMacBook-Pro.local","pid":1185,"level":20,"msg":"Processed: \u001b[35mlayout/_scripts/third-party/analytics/cnzz-analytics.swig\u001b[39m","time":"2016-08-03T04:02:07.999Z","v":0}
{"name":"hexo","hostname":"MarkdeMacBook-Pro.local","pid":1185,"level":20,"msg":"Processed: \u001b[35mlayout/_scripts/third-party/analytics/google-analytics.swig\u001b[39m","time":"2016-08-03T04:02:07.999Z","v":0}
{"name":"hexo","hostname":"MarkdeMacBook-Pro.local","pid":1185,"level":20,"msg":"Processed: \u001b[35mlayout/_scripts/third-party/analytics/tencent-analytics.swig\u001b[39m","time":"2016-08-03T04:02:07.999Z","v":0}
{"name":"hexo","hostname":"MarkdeMacBook-Pro.local","pid":1185,"level":20,"msg":"Processed: \u001b[35mlayout/_scripts/third-party/comments/disqus.swig\u001b[39m","time":"2016-08-03T04:02:07.999Z","v":0}
{"name":"hexo","hostname":"MarkdeMacBook-Pro.local","pid":1185,"level":20,"msg":"Processed: \u001b[35mlayout/_scripts/third-party/comments/duoshuo.swig\u001b[39m","time":"2016-08-03T04:02:08.000Z","v":0}
{"name":"hexo","hostname":"MarkdeMacBook-Pro.local","pid":1185,"level":20,"msg":"Processed: \u001b[35msource/vendors/font-awesome/fonts/fontawesome-webfont.svg\u001b[39m","time":"2016-08-03T04:02:08.002Z","v":0}
{"name":"hexo","hostname":"MarkdeMacBook-Pro.local","pid":1185,"level":20,"msg":"Generator: \u001b[35mpage\u001b[39m","time":"2016-08-03T04:02:08.139Z","v":0}
{"name":"hexo","hostname":"MarkdeMacBook-Pro.local","pid":1185,"level":20,"msg":"Generator: \u001b[35mpost\u001b[39m","time":"2016-08-03T04:02:08.139Z","v":0}
{"name":"hexo","hostname":"MarkdeMacBook-Pro.local","pid":1185,"level":20,"msg":"Generator: \u001b[35mindex\u001b[39m","time":"2016-08-03T04:02:08.139Z","v":0}
{"name":"hexo","hostname":"MarkdeMacBook-Pro.local","pid":1185,"level":20,"msg":"Generator: \u001b[35marchive\u001b[39m","time":"2016-08-03T04:02:08.139Z","v":0}
{"name":"hexo","hostname":"MarkdeMacBook-Pro.local","pid":1185,"level":20,"msg":"Generator: \u001b[35mcategory\u001b[39m","time":"2016-08-03T04:02:08.139Z","v":0}
{"name":"hexo","hostname":"MarkdeMacBook-Pro.local","pid":1185,"level":20,"msg":"Generator: \u001b[35mtag\u001b[39m","time":"2016-08-03T04:02:08.139Z","v":0}
{"name":"hexo","hostname":"MarkdeMacBook-Pro.local","pid":1185,"level":20,"msg":"Generator: \u001b[35masset\u001b[39m","time":"2016-08-03T04:02:08.140Z","v":0}
{"name":"hexo","hostname":"MarkdeMacBook-Pro.local","pid":1185,"level":30,"msg":"Hexo is running at \u001b[4mhttp://localhost:4000/\u001b[24m. Press Ctrl+C to stop.","time":"2016-08-03T04:02:08.147Z","v":0}
{"name":"hexo","hostname":"MarkdeMacBook-Pro.local","pid":1185,"level":20,"msg":"Database saved","time":"2016-08-03T04:02:08.163Z","v":0}
{"name":"hexo","hostname":"MarkdeMacBook-Pro.local","pid":1185,"level":20,"msg":"Rendering index: \u001b[35mindex.html\u001b[39m","time":"2016-08-03T04:02:15.161Z","v":0}
{"name":"hexo","hostname":"MarkdeMacBook-Pro.local","pid":1185,"level":30,"msg":"Good bye","time":"2016-08-03T04:02:44.861Z","v":0}
{"name":"hexo","hostname":"MarkdeMacBook-Pro.local","pid":1185,"level":20,"msg":"Database saved","time":"2016-08-03T04:02:44.872Z","v":0}
